Using pre-set license
Built from '2020.3/staging' branch; Version is '2020.3.4f1 (0abb6314276a) revision 703331'; Using compiler version '192528614'; Build Type 'Release'
OS: 'Windows 10 Pro; OS build 19042.928; Version 2009; 64bit' Language: 'en' Physical Memory: 24517 MB
BatchMode: 1, IsHumanControllingUs: 0, StartBugReporterOnCrash: 0, Is64bit: 1, IsPro: 0

 COMMAND LINE ARGUMENTS:
C:\Program Files\Unity\Hub\Editor\2020.3.4f1\Editor\Unity.exe
-adb2
-batchMode
-noUpm
-name
AssetImportWorker0
-projectPath
C:/Users/bradl/OneDrive/Documents/Unity Repos/Unity 3D/Realm Rush
-logFile
Logs/AssetImportWorker0.log
-srvPort
58254
Successfully changed project path to: C:/Users/bradl/OneDrive/Documents/Unity Repos/Unity 3D/Realm Rush
C:/Users/bradl/OneDrive/Documents/Unity Repos/Unity 3D/Realm Rush
Using Asset Import Pipeline V2.
Refreshing native plugins compatible for Editor in 38.31 ms, found 0 plugins.
Preloading 0 native plugins for Editor in 0.00 ms.
Initialize engine version: 2020.3.4f1 (0abb6314276a)
[Subsystems] Discovering subsystems at path C:/Program Files/Unity/Hub/Editor/2020.3.4f1/Editor/Data/Resources/UnitySubsystems
[Subsystems] Discovering subsystems at path C:/Users/bradl/OneDrive/Documents/Unity Repos/Unity 3D/Realm Rush/Assets
GfxDevice: creating device client; threaded=0
Direct3D:
    Version:  Direct3D 11.0 [level 11.1]
    Renderer: Radeon RX 580 Series (ID=0x67df)
    Vendor:   
    VRAM:     4075 MB
    Driver:   27.20.1034.6
Initialize mono
Mono path[0] = 'C:/Program Files/Unity/Hub/Editor/2020.3.4f1/Editor/Data/Managed'
Mono path[1] = 'C:/Program Files/Unity/Hub/Editor/2020.3.4f1/Editor/Data/MonoBleedingEdge/lib/mono/unityjit'
Mono config path = 'C:/Program Files/Unity/Hub/Editor/2020.3.4f1/Editor/Data/MonoBleedingEdge/etc'
Using monoOptions --debugger-agent=transport=dt_socket,embedding=1,server=y,suspend=n,address=127.0.0.1:56484
Begin MonoManager ReloadAssembly
Registering precompiled unity dll's ...
Register platform support module: C:/Program Files/Unity/Hub/Editor/2020.3.4f1/Editor/Data/PlaybackEngines/WindowsStandaloneSupport/UnityEditor.WindowsStandalone.Extensions.dll
Registered in 0.002178 seconds.
Native extension for WindowsStandalone target not found
Refreshing native plugins compatible for Editor in 26.47 ms, found 0 plugins.
Preloading 0 native plugins for Editor in 0.00 ms.
Mono: successfully reloaded assembly
- Completed reload, in  1.148 seconds
Platform modules already initialized, skipping
Registering precompiled user dll's ...
Registered in 0.000794 seconds.
Begin MonoManager ReloadAssembly
Native extension for WindowsStandalone target not found
Refreshing native plugins compatible for Editor in 0.29 ms, found 0 plugins.
Preloading 0 native plugins for Editor in 0.00 ms.
Mono: successfully reloaded assembly
- Completed reload, in  0.850 seconds
Platform modules already initialized, skipping
========================================================================
Worker process is ready to serve import requests
Launched and connected shader compiler UnityShaderCompiler.exe after 0.04 seconds
Refreshing native plugins compatible for Editor in 0.23 ms, found 0 plugins.
Preloading 0 native plugins for Editor in 0.00 ms.
Unloading 1174 Unused Serialized files (Serialized files now loaded: 0)
System memory in use before: 60.9 MB.
System memory in use after: 61.0 MB.

Unloading 9 unused Assets to reduce memory usage. Loaded Objects now: 1620.
Total: 1.762800 ms (FindLiveObjects: 0.159300 ms CreateObjectMapping: 0.042500 ms MarkObjects: 1.492300 ms  DeleteObjects: 0.067700 ms)

========================================================================
Received Import Request.
  path: Assets/Pathfinding/GridManager.cs
  artifactKey: Guid(c73db15424bb0c44089871a06debb8d3) Importer(815301076,1909f56bfc062723c751e8b465ee728b)
Start importing Assets/Pathfinding/GridManager.cs using Guid(c73db15424bb0c44089871a06debb8d3) Importer(815301076,1909f56bfc062723c751e8b465ee728b)  -> (artifact id: '3e0e5daf54ff8c405006007a656be864') in 0.126723 seconds
  Import took 0.130505 seconds .

========================================================================
Received Prepare
Registering precompiled user dll's ...
Registered in 0.000741 seconds.
Begin MonoManager ReloadAssembly
Native extension for WindowsStandalone target not found
Refreshing native plugins compatible for Editor in 0.24 ms, found 0 plugins.
Preloading 0 native plugins for Editor in 0.00 ms.
Mono: successfully reloaded assembly
- Completed reload, in  0.785 seconds
Platform modules already initialized, skipping
Refreshing native plugins compatible for Editor in 0.23 ms, found 0 plugins.
Preloading 0 native plugins for Editor in 0.00 ms.
Unloading 1155 Unused Serialized files (Serialized files now loaded: 0)
System memory in use before: 59.5 MB.
System memory in use after: 59.6 MB.

Unloading 4 unused Assets to reduce memory usage. Loaded Objects now: 1623.
Total: 1.713300 ms (FindLiveObjects: 0.134500 ms CreateObjectMapping: 0.036700 ms MarkObjects: 1.522000 ms  DeleteObjects: 0.018800 ms)

========================================================================
Received Prepare
Registering precompiled user dll's ...
Registered in 0.000764 seconds.
Begin MonoManager ReloadAssembly
Native extension for WindowsStandalone target not found
Refreshing native plugins compatible for Editor in 0.25 ms, found 0 plugins.
Preloading 0 native plugins for Editor in 0.00 ms.
Mono: successfully reloaded assembly
- Completed reload, in  0.787 seconds
Platform modules already initialized, skipping
Refreshing native plugins compatible for Editor in 0.23 ms, found 0 plugins.
Preloading 0 native plugins for Editor in 0.00 ms.
Unloading 1155 Unused Serialized files (Serialized files now loaded: 0)
System memory in use before: 59.5 MB.
System memory in use after: 59.6 MB.

Unloading 4 unused Assets to reduce memory usage. Loaded Objects now: 1626.
Total: 1.995600 ms (FindLiveObjects: 0.156200 ms CreateObjectMapping: 0.041600 ms MarkObjects: 1.780800 ms  DeleteObjects: 0.015500 ms)

========================================================================
Received Import Request.
  Time since last request: 147.918263 seconds.
  path: Assets/Scripts/TargetLocator.cs
  artifactKey: Guid(d935c51272676ef4483e6a1ea87bbc66) Importer(815301076,1909f56bfc062723c751e8b465ee728b)
Start importing Assets/Scripts/TargetLocator.cs using Guid(d935c51272676ef4483e6a1ea87bbc66) Importer(815301076,1909f56bfc062723c751e8b465ee728b)  -> (artifact id: '5b0727915b1d2f4f3f1028afb19a53de') in 0.008352 seconds
  Import took 0.010468 seconds .

========================================================================
Received Import Request.
  Time since last request: 0.010662 seconds.
  path: Assets/Scripts/TargetLocator.cs
  artifactKey: Guid(d935c51272676ef4483e6a1ea87bbc66) Importer(815301076,1909f56bfc062723c751e8b465ee728b)
Start importing Assets/Scripts/TargetLocator.cs using Guid(d935c51272676ef4483e6a1ea87bbc66) Importer(815301076,1909f56bfc062723c751e8b465ee728b)  -> (artifact id: '5b0727915b1d2f4f3f1028afb19a53de') in 0.003781 seconds
  Import took 0.005665 seconds .

========================================================================
Received Import Request.
  Time since last request: 0.516576 seconds.
  path: Assets/Scripts/EnemyMover.cs
  artifactKey: Guid(f9394addd67adf240abed08147663b69) Importer(815301076,1909f56bfc062723c751e8b465ee728b)
Start importing Assets/Scripts/EnemyMover.cs using Guid(f9394addd67adf240abed08147663b69) Importer(815301076,1909f56bfc062723c751e8b465ee728b)  -> (artifact id: '44c07bb9213013eea036a6ffa4f7750e') in 0.007459 seconds
  Import took 0.009406 seconds .

========================================================================
Received Import Request.
  Time since last request: 0.649023 seconds.
  path: Assets/Scripts/EnemyHealth.cs
  artifactKey: Guid(1525b47d685c6b34ea943d7bf36c6c7c) Importer(815301076,1909f56bfc062723c751e8b465ee728b)
Start importing Assets/Scripts/EnemyHealth.cs using Guid(1525b47d685c6b34ea943d7bf36c6c7c) Importer(815301076,1909f56bfc062723c751e8b465ee728b)  -> (artifact id: '921f977e7b146ba80098cac9eab4de73') in 0.034981 seconds
  Import took 0.036955 seconds .

========================================================================
Received Import Request.
  Time since last request: 0.604768 seconds.
  path: Assets/Scripts/Enemy.cs
  artifactKey: Guid(e34e83396930b1a439367638861b2f3b) Importer(815301076,1909f56bfc062723c751e8b465ee728b)
Start importing Assets/Scripts/Enemy.cs using Guid(e34e83396930b1a439367638861b2f3b) Importer(815301076,1909f56bfc062723c751e8b465ee728b)  -> (artifact id: '28c9054f0d618e9515fd4add4894bad1') in 0.007405 seconds
  Import took 0.027133 seconds .

========================================================================
Received Import Request.
  Time since last request: 1.528111 seconds.
  path: Assets/Scripts/Tile.cs
  artifactKey: Guid(cda15f64ed4893948a31f3b397582bbe) Importer(815301076,1909f56bfc062723c751e8b465ee728b)
Start importing Assets/Scripts/Tile.cs using Guid(cda15f64ed4893948a31f3b397582bbe) Importer(815301076,1909f56bfc062723c751e8b465ee728b)  -> (artifact id: '19a4821008ba53ba2c80782a67c2cb92') in 0.007147 seconds
  Import took 0.009210 seconds .

========================================================================
Received Import Request.
  Time since last request: 820.696314 seconds.
  path: Assets/VoxelCastle/Prefabs/Wall_In.prefab
  artifactKey: Guid(34e4951a39dba9449b7dc9d52534cd97) Importer(815301076,1909f56bfc062723c751e8b465ee728b)
Start importing Assets/VoxelCastle/Prefabs/Wall_In.prefab using Guid(34e4951a39dba9449b7dc9d52534cd97) Importer(815301076,1909f56bfc062723c751e8b465ee728b)  -> (artifact id: 'c1d805816a2cbf2c73555751636eb6d3') in 0.143201 seconds
  Import took 0.151712 seconds .

========================================================================
Received Import Request.
  Time since last request: 2.829106 seconds.
  path: Assets/VoxelCastle/Prefabs/Wall_Straight.prefab
  artifactKey: Guid(7f7ab251192cf3c4daa485590b0da789) Importer(815301076,1909f56bfc062723c751e8b465ee728b)
Start importing Assets/VoxelCastle/Prefabs/Wall_Straight.prefab using Guid(7f7ab251192cf3c4daa485590b0da789) Importer(815301076,1909f56bfc062723c751e8b465ee728b)  -> (artifact id: '2d53ba59c206eddca299a3c6dcbbf709') in 0.020822 seconds
  Import took 0.030737 seconds .

========================================================================
Received Import Request.
  Time since last request: 0.001088 seconds.
  path: Assets/VoxelCastle/Prefabs/Wall_Straight.prefab
  artifactKey: Guid(7f7ab251192cf3c4daa485590b0da789) Importer(815301076,1909f56bfc062723c751e8b465ee728b)
Start importing Assets/VoxelCastle/Prefabs/Wall_Straight.prefab using Guid(7f7ab251192cf3c4daa485590b0da789) Importer(815301076,1909f56bfc062723c751e8b465ee728b)  -> (artifact id: '2d53ba59c206eddca299a3c6dcbbf709') in 0.013209 seconds
  Import took 0.015491 seconds .

========================================================================
Received Prepare
Registering precompiled user dll's ...
Registered in 0.000967 seconds.
Begin MonoManager ReloadAssembly
Native extension for WindowsStandalone target not found
Refreshing native plugins compatible for Editor in 0.25 ms, found 0 plugins.
Preloading 0 native plugins for Editor in 0.00 ms.
Mono: successfully reloaded assembly
- Completed reload, in  0.952 seconds
Platform modules already initialized, skipping
Refreshing native plugins compatible for Editor in 0.24 ms, found 0 plugins.
Preloading 0 native plugins for Editor in 0.00 ms.
Unloading 1155 Unused Serialized files (Serialized files now loaded: 0)
System memory in use before: 62.6 MB.
System memory in use after: 62.7 MB.

Unloading 4 unused Assets to reduce memory usage. Loaded Objects now: 1636.
Total: 1.456300 ms (FindLiveObjects: 0.130300 ms CreateObjectMapping: 0.038300 ms MarkObjects: 1.273200 ms  DeleteObjects: 0.013200 ms)

========================================================================
Received Prepare
Registering precompiled user dll's ...
Registered in 0.000801 seconds.
Begin MonoManager ReloadAssembly
Native extension for WindowsStandalone target not found
Refreshing native plugins compatible for Editor in 0.24 ms, found 0 plugins.
Preloading 0 native plugins for Editor in 0.00 ms.
Mono: successfully reloaded assembly
- Completed reload, in  0.833 seconds
Platform modules already initialized, skipping
Refreshing native plugins compatible for Editor in 0.23 ms, found 0 plugins.
Preloading 0 native plugins for Editor in 0.00 ms.
Unloading 1155 Unused Serialized files (Serialized files now loaded: 0)
System memory in use before: 62.6 MB.
System memory in use after: 62.7 MB.

Unloading 4 unused Assets to reduce memory usage. Loaded Objects now: 1639.
Total: 1.656400 ms (FindLiveObjects: 0.135200 ms CreateObjectMapping: 0.037300 ms MarkObjects: 1.469100 ms  DeleteObjects: 0.014000 ms)

========================================================================
Received Prepare
Registering precompiled user dll's ...
Registered in 0.000758 seconds.
Begin MonoManager ReloadAssembly
Native extension for WindowsStandalone target not found
Refreshing native plugins compatible for Editor in 0.25 ms, found 0 plugins.
Preloading 0 native plugins for Editor in 0.00 ms.
Mono: successfully reloaded assembly
- Completed reload, in  0.780 seconds
Platform modules already initialized, skipping
Refreshing native plugins compatible for Editor in 0.23 ms, found 0 plugins.
Preloading 0 native plugins for Editor in 0.00 ms.
Unloading 1155 Unused Serialized files (Serialized files now loaded: 0)
System memory in use before: 62.7 MB.
System memory in use after: 62.8 MB.

Unloading 4 unused Assets to reduce memory usage. Loaded Objects now: 1642.
Total: 1.803600 ms (FindLiveObjects: 0.176000 ms CreateObjectMapping: 0.042400 ms MarkObjects: 1.568500 ms  DeleteObjects: 0.015700 ms)

========================================================================
Received Prepare
Registering precompiled user dll's ...
Registered in 0.000839 seconds.
Begin MonoManager ReloadAssembly
Native extension for WindowsStandalone target not found
Refreshing native plugins compatible for Editor in 0.23 ms, found 0 plugins.
Preloading 0 native plugins for Editor in 0.00 ms.
Mono: successfully reloaded assembly
- Completed reload, in  0.837 seconds
Platform modules already initialized, skipping
Refreshing native plugins compatible for Editor in 0.24 ms, found 0 plugins.
Preloading 0 native plugins for Editor in 0.00 ms.
Unloading 1155 Unused Serialized files (Serialized files now loaded: 0)
System memory in use before: 62.7 MB.
System memory in use after: 62.8 MB.

Unloading 4 unused Assets to reduce memory usage. Loaded Objects now: 1645.
Total: 1.673700 ms (FindLiveObjects: 0.173500 ms CreateObjectMapping: 0.042500 ms MarkObjects: 1.426400 ms  DeleteObjects: 0.030200 ms)

========================================================================
Received Prepare
Registering precompiled user dll's ...
Registered in 0.000780 seconds.
Begin MonoManager ReloadAssembly
Native extension for WindowsStandalone target not found
Refreshing native plugins compatible for Editor in 0.24 ms, found 0 plugins.
Preloading 0 native plugins for Editor in 0.00 ms.
Mono: successfully reloaded assembly
- Completed reload, in  0.794 seconds
Platform modules already initialized, skipping
Refreshing native plugins compatible for Editor in 0.23 ms, found 0 plugins.
Preloading 0 native plugins for Editor in 0.00 ms.
Unloading 1155 Unused Serialized files (Serialized files now loaded: 0)
System memory in use before: 62.7 MB.
System memory in use after: 62.8 MB.

Unloading 4 unused Assets to reduce memory usage. Loaded Objects now: 1648.
Total: 1.673800 ms (FindLiveObjects: 0.206100 ms CreateObjectMapping: 0.065300 ms MarkObjects: 1.385800 ms  DeleteObjects: 0.015700 ms)

========================================================================
Received Prepare
Registering precompiled user dll's ...
Registered in 0.001248 seconds.
Begin MonoManager ReloadAssembly
Native extension for WindowsStandalone target not found
Refreshing native plugins compatible for Editor in 0.23 ms, found 0 plugins.
Preloading 0 native plugins for Editor in 0.00 ms.
Mono: successfully reloaded assembly
- Completed reload, in  0.787 seconds
Platform modules already initialized, skipping
Refreshing native plugins compatible for Editor in 0.23 ms, found 0 plugins.
Preloading 0 native plugins for Editor in 0.00 ms.
Unloading 1155 Unused Serialized files (Serialized files now loaded: 0)
System memory in use before: 62.7 MB.
System memory in use after: 62.8 MB.

Unloading 4 unused Assets to reduce memory usage. Loaded Objects now: 1651.
Total: 1.863500 ms (FindLiveObjects: 0.154200 ms CreateObjectMapping: 0.044000 ms MarkObjects: 1.647600 ms  DeleteObjects: 0.016700 ms)

========================================================================
Received Prepare
Registering precompiled user dll's ...
Registered in 0.000794 seconds.
Begin MonoManager ReloadAssembly
Native extension for WindowsStandalone target not found
Refreshing native plugins compatible for Editor in 0.24 ms, found 0 plugins.
Preloading 0 native plugins for Editor in 0.00 ms.
Mono: successfully reloaded assembly
- Completed reload, in  0.818 seconds
Platform modules already initialized, skipping
Refreshing native plugins compatible for Editor in 0.24 ms, found 0 plugins.
Preloading 0 native plugins for Editor in 0.00 ms.
Unloading 1155 Unused Serialized files (Serialized files now loaded: 0)
System memory in use before: 62.7 MB.
System memory in use after: 62.8 MB.

Unloading 4 unused Assets to reduce memory usage. Loaded Objects now: 1654.
Total: 1.720000 ms (FindLiveObjects: 0.181300 ms CreateObjectMapping: 0.042500 ms MarkObjects: 1.480800 ms  DeleteObjects: 0.014200 ms)

========================================================================
Received Prepare
Registering precompiled user dll's ...
Registered in 0.000795 seconds.
Begin MonoManager ReloadAssembly
Native extension for WindowsStandalone target not found
Refreshing native plugins compatible for Editor in 0.27 ms, found 0 plugins.
Preloading 0 native plugins for Editor in 0.00 ms.
Mono: successfully reloaded assembly
- Completed reload, in  0.869 seconds
Platform modules already initialized, skipping
Refreshing native plugins compatible for Editor in 0.23 ms, found 0 plugins.
Preloading 0 native plugins for Editor in 0.00 ms.
Unloading 1155 Unused Serialized files (Serialized files now loaded: 0)
System memory in use before: 62.7 MB.
System memory in use after: 62.8 MB.

Unloading 4 unused Assets to reduce memory usage. Loaded Objects now: 1657.
Total: 1.532800 ms (FindLiveObjects: 0.136200 ms CreateObjectMapping: 0.037800 ms MarkObjects: 1.332100 ms  DeleteObjects: 0.025700 ms)

========================================================================
Received Prepare
Registering precompiled user dll's ...
Registered in 0.000762 seconds.
Begin MonoManager ReloadAssembly
Native extension for WindowsStandalone target not found
Refreshing native plugins compatible for Editor in 0.29 ms, found 0 plugins.
Preloading 0 native plugins for Editor in 0.00 ms.
Mono: successfully reloaded assembly
- Completed reload, in  0.913 seconds
Platform modules already initialized, skipping
Refreshing native plugins compatible for Editor in 0.26 ms, found 0 plugins.
Preloading 0 native plugins for Editor in 0.00 ms.
Unloading 1155 Unused Serialized files (Serialized files now loaded: 0)
System memory in use before: 62.7 MB.
System memory in use after: 62.8 MB.

Unloading 4 unused Assets to reduce memory usage. Loaded Objects now: 1660.
Total: 1.614500 ms (FindLiveObjects: 0.138600 ms CreateObjectMapping: 0.037900 ms MarkObjects: 1.422800 ms  DeleteObjects: 0.014200 ms)

AssetImportWorkerClient::OnTransportError - code=2 error=End of file
